ASSERTION	AAEDAAEFAAAAAAAAwFhAAwAAAAAAAHCnQA==
ASSERTION	AAECAAICAAAAAAAAwFhA
RUN	com.awesome.testing.BasicSimulation	basicsimulation	1716893226169	 	3.10.5
USER	Training scenario	START	1716893227607
REQUEST		Register request	1716893227626	1716893228121	OK	 
USER	Training scenario	START	1716893229600
REQUEST		Register request	1716893229601	1716893229904	OK	 
USER	Training scenario	START	1716893231601
REQUEST		Register request	1716893231601	1716893231907	OK	 
REQUEST		Login request	1716893232140	1716893232764	OK	 
USER	Training scenario	START	1716893233601
REQUEST		Get Users Request	1716893233805	1716893233866	OK	 
REQUEST		Get Users Request	1716893233869	1716893233886	OK	 
REQUEST		Register request	1716893233602	1716893233927	OK	 
REQUEST		Login request	1716893233907	1716893234211	OK	 
USER	Training scenario	START	1716893234600
REQUEST		Register request	1716893234601	1716893234904	OK	 
REQUEST		Get Users Request	1716893235214	1716893235234	OK	 
REQUEST		Get Users Request	1716893235236	1716893235250	OK	 
REQUEST		Get single user	1716893235891	1716893235905	OK	 
REQUEST		Login request	1716893235910	1716893236207	OK	 
USER	Training scenario	START	1716893236600
REQUEST		Register request	1716893236601	1716893236905	OK	 
REQUEST		Get Users Request	1716893237209	1716893237224	OK	 
REQUEST		Get Users Request	1716893237226	1716893237240	OK	 
REQUEST		Get single user	1716893237253	1716893237263	OK	 
USER	Training scenario	START	1716893237601
REQUEST		Register request	1716893237602	1716893237902	OK	 
REQUEST		Edit user	1716893237932	1716893237975	OK	 
USER	Training scenario	END	1716893237978
REQUEST		Login request	1716893237929	1716893238236	OK	 
REQUEST		Login request	1716893238906	1716893239208	OK	 
REQUEST		Get single user	1716893239242	1716893239250	OK	 
REQUEST		Get Users Request	1716893239239	1716893239252	OK	 
REQUEST		Get Users Request	1716893239254	1716893239276	OK	 
USER	Training scenario	END	1716893239278
REQUEST		Delete user	1716893239265	1716893239285	OK	 
USER	Training scenario	END	1716893239287
USER	Training scenario	START	1716893239599
REQUEST		Register request	1716893239600	1716893239899	OK	 
REQUEST		Get Users Request	1716893240210	1716893240227	OK	 
REQUEST		Get Users Request	1716893240229	1716893240239	OK	 
USER	Training scenario	START	1716893240600
REQUEST		Register request	1716893240601	1716893240901	OK	 
REQUEST		Login request	1716893240907	1716893241202	OK	 
REQUEST		Delete user	1716893241252	1716893241261	OK	 
USER	Training scenario	END	1716893241262
USER	Training scenario	START	1716893241601
REQUEST		Register request	1716893241601	1716893241901	OK	 
REQUEST		Login request	1716893241904	1716893242200	OK	 
REQUEST		Get Users Request	1716893242204	1716893242214	OK	 
REQUEST		Get Users Request	1716893242215	1716893242227	OK	 
REQUEST		Get single user	1716893242241	1716893242248	OK	 
REQUEST		Get Users Request	1716893243202	1716893243213	OK	 
REQUEST		Get Users Request	1716893243215	1716893243224	OK	 
USER	Training scenario	START	1716893243600
REQUEST		Register request	1716893243601	1716893243898	OK	 
REQUEST		Login request	1716893243901	1716893244195	OK	 
REQUEST		Get single user	1716893244229	1716893244235	OK	 
REQUEST		Delete user	1716893244250	1716893244256	OK	 
USER	Training scenario	END	1716893244258
USER	Training scenario	START	1716893244600
REQUEST		Register request	1716893244601	1716893244900	OK	 
REQUEST		Login request	1716893244903	1716893245207	OK	 
REQUEST		Get Users Request	1716893245198	1716893245212	OK	 
REQUEST		Get Users Request	1716893245213	1716893245222	OK	 
REQUEST		Edit user	1716893245227	1716893245236	OK	 
USER	Training scenario	END	1716893245237
USER	Training scenario	START	1716893245600
REQUEST		Register request	1716893245601	1716893245898	OK	 
REQUEST		Login request	1716893245903	1716893246202	OK	 
REQUEST		Get Users Request	1716893246209	1716893246220	OK	 
REQUEST		Get Users Request	1716893246221	1716893246231	OK	 
REQUEST		Delete user	1716893246237	1716893246244	OK	 
USER	Training scenario	END	1716893246245
USER	Training scenario	START	1716893246599
REQUEST		Register request	1716893246600	1716893246901	OK	 
REQUEST		Get Users Request	1716893247204	1716893247216	OK	 
REQUEST		Get Users Request	1716893247217	1716893247228	OK	 
REQUEST		Get single user	1716893247224	1716893247231	OK	 
USER	Training scenario	END	1716893247232
USER	Training scenario	START	1716893247600
REQUEST		Register request	1716893247601	1716893247899	OK	 
REQUEST		Login request	1716893247900	1716893248197	OK	 
REQUEST		Edit user	1716893248233	1716893248243	OK	 
USER	Training scenario	END	1716893248244
REQUEST		Login request	1716893248902	1716893249199	OK	 
REQUEST		Get Users Request	1716893249199	1716893249209	OK	 
REQUEST		Get Users Request	1716893249210	1716893249220	OK	 
REQUEST		Edit user	1716893249230	1716893249239	OK	 
USER	Training scenario	START	1716893249599
REQUEST		Register request	1716893249600	1716893249903	OK	 
REQUEST		Login request	1716893249900	1716893250198	OK	 
REQUEST		Get Users Request	1716893250202	1716893250213	OK	 
REQUEST		Get Users Request	1716893250214	1716893250224	OK	 
USER	Training scenario	START	1716893250601
REQUEST		Register request	1716893250601	1716893250903	OK	 
REQUEST		Login request	1716893250903	1716893251210	OK	 
REQUEST		Get Users Request	1716893251200	1716893251213	OK	 
REQUEST		Get Users Request	1716893251214	1716893251225	OK	 
REQUEST		Delete user	1716893251222	1716893251231	OK	 
USER	Training scenario	END	1716893251232
REQUEST		Delete user	1716893251241	1716893251247	OK	 
USER	Training scenario	END	1716893251248
USER	Training scenario	START	1716893251600
REQUEST		Register request	1716893251601	1716893251902	OK	 
REQUEST		Login request	1716893251901	1716893252199	OK	 
REQUEST		Get Users Request	1716893252212	1716893252220	OK	 
REQUEST		Get Users Request	1716893252222	1716893252230	OK	 
REQUEST		Get single user	1716893252226	1716893252232	OK	 
USER	Training scenario	START	1716893252601
REQUEST		Register request	1716893252602	1716893252901	OK	 
REQUEST		Get Users Request	1716893253202	1716893253213	OK	 
REQUEST		Get Users Request	1716893253215	1716893253224	OK	 
REQUEST		Delete user	1716893253227	1716893253233	OK	 
USER	Training scenario	END	1716893253234
USER	Training scenario	START	1716893253600
REQUEST		Register request	1716893253601	1716893253900	OK	 
REQUEST		Login request	1716893253905	1716893254204	OK	 
REQUEST		Get single user	1716893254233	1716893254241	OK	 
USER	Training scenario	END	1716893254242
REQUEST		Edit user	1716893254234	1716893254243	OK	 
USER	Training scenario	END	1716893254244
USER	Training scenario	START	1716893254600
REQUEST		Register request	1716893254601	1716893254900	OK	 
REQUEST		Login request	1716893254905	1716893255201	OK	 
REQUEST		Get Users Request	1716893255207	1716893255216	OK	 
REQUEST		Get Users Request	1716893255217	1716893255226	OK	 
REQUEST		Edit user	1716893255227	1716893255235	OK	 
USER	Training scenario	START	1716893255601
REQUEST		Register request	1716893255601	1716893255902	OK	 
REQUEST		Login request	1716893255904	1716893256208	OK	 
REQUEST		Get Users Request	1716893256203	1716893256214	OK	 
REQUEST		Get Users Request	1716893256215	1716893256224	OK	 
USER	Training scenario	START	1716893256600
REQUEST		Register request	1716893256601	1716893256903	OK	 
REQUEST		Login request	1716893256903	1716893257201	OK	 
REQUEST		Get Users Request	1716893257211	1716893257220	OK	 
REQUEST		Get Users Request	1716893257222	1716893257231	OK	 
REQUEST		Get single user	1716893257229	1716893257234	OK	 
REQUEST		Delete user	1716893257236	1716893257241	OK	 
USER	Training scenario	END	1716893257242
USER	Training scenario	START	1716893257599
REQUEST		Register request	1716893257600	1716893257899	OK	 
REQUEST		Login request	1716893257901	1716893258199	OK	 
REQUEST		Get Users Request	1716893258203	1716893258213	OK	 
REQUEST		Get Users Request	1716893258214	1716893258223	OK	 
REQUEST		Get single user	1716893258230	1716893258235	OK	 
USER	Training scenario	END	1716893258235
USER	Training scenario	START	1716893258599
REQUEST		Register request	1716893258600	1716893258899	OK	 
REQUEST		Login request	1716893258901	1716893259197	OK	 
REQUEST		Get Users Request	1716893259201	1716893259210	OK	 
REQUEST		Get Users Request	1716893259211	1716893259221	OK	 
REQUEST		Delete user	1716893259235	1716893259241	OK	 
USER	Training scenario	END	1716893259243
REQUEST		Edit user	1716893259234	1716893259244	OK	 
USER	Training scenario	START	1716893259600
REQUEST		Register request	1716893259600	1716893259900	OK	 
REQUEST		Login request	1716893259904	1716893260200	OK	 
REQUEST		Get Users Request	1716893260200	1716893260208	OK	 
REQUEST		Get Users Request	1716893260209	1716893260218	OK	 
USER	Training scenario	END	1716893260219
REQUEST		Get single user	1716893260225	1716893260231	OK	 
USER	Training scenario	END	1716893260232
USER	Training scenario	START	1716893260600
REQUEST		Register request	1716893260600	1716893260900	OK	 
REQUEST		Login request	1716893260904	1716893261205	OK	 
REQUEST		Get Users Request	1716893261203	1716893261212	OK	 
REQUEST		Get Users Request	1716893261213	1716893261222	OK	 
REQUEST		Edit user	1716893261224	1716893261232	OK	 
REQUEST		Delete user	1716893261245	1716893261252	OK	 
USER	Training scenario	END	1716893261253
USER	Training scenario	START	1716893261599
REQUEST		Register request	1716893261600	1716893261898	OK	 
REQUEST		Login request	1716893261901	1716893262197	OK	 
REQUEST		Get Users Request	1716893262207	1716893262215	OK	 
REQUEST		Get Users Request	1716893262216	1716893262224	OK	 
USER	Training scenario	START	1716893262601
REQUEST		Register request	1716893262601	1716893262903	OK	 
REQUEST		Login request	1716893262901	1716893263207	OK	 
REQUEST		Get Users Request	1716893263200	1716893263211	OK	 
REQUEST		Get Users Request	1716893263213	1716893263222	OK	 
REQUEST		Get single user	1716893263224	1716893263230	OK	 
REQUEST		Delete user	1716893263233	1716893263239	OK	 
USER	Training scenario	END	1716893263241
USER	Training scenario	START	1716893263599
REQUEST		Register request	1716893263600	1716893263906	OK	 
REQUEST		Login request	1716893263901	1716893264198	OK	 
REQUEST		Get Users Request	1716893264209	1716893264217	OK	 
REQUEST		Get Users Request	1716893264218	1716893264226	OK	 
REQUEST		Get single user	1716893264226	1716893264231	OK	 
USER	Training scenario	START	1716893264600
REQUEST		Register request	1716893264601	1716893264946	OK	 
REQUEST		Login request	1716893264902	1716893265206	OK	 
REQUEST		Get Users Request	1716893265201	1716893265211	OK	 
REQUEST		Get Users Request	1716893265212	1716893265219	OK	 
USER	Training scenario	END	1716893265220
REQUEST		Get single user	1716893265225	1716893265230	OK	 
USER	Training scenario	END	1716893265231
REQUEST		Delete user	1716893265232	1716893265237	OK	 
USER	Training scenario	END	1716893265238
USER	Training scenario	START	1716893265599
REQUEST		Register request	1716893265600	1716893265904	OK	 
REQUEST		Login request	1716893265900	1716893266199	OK	 
REQUEST		Get Users Request	1716893266208	1716893266216	OK	 
REQUEST		Get Users Request	1716893266217	1716893266224	OK	 
REQUEST		Get single user	1716893266229	1716893266233	OK	 
USER	Training scenario	END	1716893266234
REQUEST		Delete user	1716893266233	1716893266237	OK	 
USER	Training scenario	END	1716893266238
USER	Training scenario	START	1716893266600
REQUEST		Register request	1716893266600	1716893266897	OK	 
REQUEST		Login request	1716893266904	1716893267200	OK	 
REQUEST		Get Users Request	1716893267201	1716893267208	OK	 
REQUEST		Get Users Request	1716893267209	1716893267216	OK	 
USER	Training scenario	END	1716893267217
USER	Training scenario	START	1716893267601
REQUEST		Register request	1716893267601	1716893267900	OK	 
REQUEST		Login request	1716893267907	1716893268205	OK	 
REQUEST		Get Users Request	1716893268203	1716893268211	OK	 
REQUEST		Get Users Request	1716893268212	1716893268219	OK	 
REQUEST		Get single user	1716893268226	1716893268231	OK	 
USER	Training scenario	END	1716893268232
USER	Training scenario	START	1716893268600
REQUEST		Register request	1716893268600	1716893268897	OK	 
REQUEST		Get Users Request	1716893269207	1716893269220	OK	 
REQUEST		Get Users Request	1716893269221	1716893269231	OK	 
REQUEST		Login request	1716893268947	1716893269248	OK	 
USER	Training scenario	START	1716893269600
REQUEST		Register request	1716893269601	1716893269900	OK	 
REQUEST		Login request	1716893269906	1716893270213	OK	 
REQUEST		Get single user	1716893270220	1716893270226	OK	 
USER	Training scenario	END	1716893270227
REQUEST		Get Users Request	1716893270250	1716893270257	OK	 
REQUEST		Get Users Request	1716893270258	1716893270265	OK	 
USER	Training scenario	START	1716893270600
REQUEST		Register request	1716893270600	1716893270897	OK	 
REQUEST		Login request	1716893270898	1716893271192	OK	 
REQUEST		Get Users Request	1716893271216	1716893271224	OK	 
REQUEST		Get Users Request	1716893271225	1716893271231	OK	 
REQUEST		Get single user	1716893271238	1716893271242	OK	 
USER	Training scenario	END	1716893271243
USER	Training scenario	START	1716893271600
REQUEST		Register request	1716893271601	1716893271897	OK	 
REQUEST		Login request	1716893271901	1716893272198	OK	 
REQUEST		Get Users Request	1716893272194	1716893272201	OK	 
REQUEST		Get Users Request	1716893272202	1716893272208	OK	 
USER	Training scenario	END	1716893272209
REQUEST		Delete user	1716893272266	1716893272271	OK	 
USER	Training scenario	END	1716893272272
USER	Training scenario	START	1716893272599
REQUEST		Register request	1716893272600	1716893272897	OK	 
REQUEST		Login request	1716893272898	1716893273192	OK	 
REQUEST		Get Users Request	1716893273200	1716893273207	OK	 
REQUEST		Get Users Request	1716893273208	1716893273214	OK	 
USER	Training scenario	END	1716893273215
REQUEST		Get single user	1716893273233	1716893273237	OK	 
USER	Training scenario	START	1716893273599
REQUEST		Register request	1716893273600	1716893273896	OK	 
REQUEST		Login request	1716893273901	1716893274197	OK	 
REQUEST		Get Users Request	1716893274195	1716893274202	OK	 
REQUEST		Get Users Request	1716893274202	1716893274209	OK	 
USER	Training scenario	END	1716893274210
USER	Training scenario	START	1716893274601
REQUEST		Register request	1716893274601	1716893274899	OK	 
REQUEST		Login request	1716893274899	1716893275201	OK	 
REQUEST		Get Users Request	1716893275199	1716893275206	OK	 
REQUEST		Get Users Request	1716893275207	1716893275212	OK	 
REQUEST		Edit user	1716893275239	1716893275244	OK	 
USER	Training scenario	END	1716893275245
USER	Training scenario	START	1716893275601
REQUEST		Register request	1716893275601	1716893275899	OK	 
REQUEST		Login request	1716893275899	1716893276194	OK	 
REQUEST		Get Users Request	1716893276203	1716893276208	OK	 
REQUEST		Get Users Request	1716893276209	1716893276214	OK	 
USER	Training scenario	END	1716893276215
USER	Training scenario	START	1716893276600
REQUEST		Register request	1716893276600	1716893276896	OK	 
REQUEST		Login request	1716893276898	1716893277194	OK	 
REQUEST		Get Users Request	1716893277196	1716893277202	OK	 
REQUEST		Get Users Request	1716893277204	1716893277209	OK	 
USER	Training scenario	END	1716893277211
REQUEST		Get single user	1716893277213	1716893277218	OK	 
USER	Training scenario	END	1716893277219
USER	Training scenario	START	1716893277599
REQUEST		Register request	1716893277600	1716893277897	OK	 
REQUEST		Login request	1716893277898	1716893278192	OK	 
REQUEST		Get Users Request	1716893278196	1716893278202	OK	 
REQUEST		Get Users Request	1716893278203	1716893278211	OK	 
USER	Training scenario	START	1716893278600
REQUEST		Register request	1716893278601	1716893278897	OK	 
REQUEST		Login request	1716893278900	1716893279194	OK	 
REQUEST		Get Users Request	1716893279194	1716893279200	OK	 
REQUEST		Get Users Request	1716893279201	1716893279207	OK	 
USER	Training scenario	START	1716893279601
REQUEST		Register request	1716893279601	1716893279924	OK	 
REQUEST		Login request	1716893279900	1716893280199	OK	 
REQUEST		Get Users Request	1716893280196	1716893280203	OK	 
REQUEST		Get Users Request	1716893280204	1716893280211	OK	 
REQUEST		Get single user	1716893280213	1716893280216	OK	 
USER	Training scenario	END	1716893280217
USER	Training scenario	START	1716893280599
REQUEST		Register request	1716893280600	1716893280897	OK	 
REQUEST		Login request	1716893280898	1716893281192	OK	 
REQUEST		Get Users Request	1716893281201	1716893281207	OK	 
REQUEST		Get single user	1716893281209	1716893281212	OK	 
REQUEST		Get Users Request	1716893281208	1716893281214	OK	 
USER	Training scenario	END	1716893281215
USER	Training scenario	START	1716893281599
REQUEST		Register request	1716893281600	1716893281896	OK	 
REQUEST		Login request	1716893281898	1716893282193	OK	 
REQUEST		Get Users Request	1716893282195	1716893282202	OK	 
REQUEST		Get Users Request	1716893282203	1716893282208	OK	 
REQUEST		Edit user	1716893282212	1716893282219	OK	 
USER	Training scenario	END	1716893282220
USER	Training scenario	START	1716893282600
REQUEST		Register request	1716893282600	1716893282897	OK	 
REQUEST		Login request	1716893282898	1716893283192	OK	 
REQUEST		Get Users Request	1716893283195	1716893283201	OK	 
REQUEST		Get Users Request	1716893283202	1716893283209	OK	 
REQUEST		Edit user	1716893283214	1716893283219	OK	 
USER	Training scenario	END	1716893283220
USER	Training scenario	START	1716893283600
REQUEST		Register request	1716893283601	1716893283898	OK	 
REQUEST		Get Users Request	1716893284194	1716893284202	OK	 
REQUEST		Get Users Request	1716893284203	1716893284219	OK	 
REQUEST		Edit user	1716893284210	1716893284221	OK	 
REQUEST		Login request	1716893283925	1716893284227	OK	 
USER	Training scenario	START	1716893284600
REQUEST		Register request	1716893284600	1716893284897	OK	 
REQUEST		Login request	1716893284899	1716893285193	OK	 
REQUEST		Get single user	1716893285210	1716893285214	OK	 
USER	Training scenario	END	1716893285215
REQUEST		Get Users Request	1716893285229	1716893285235	OK	 
REQUEST		Get Users Request	1716893285236	1716893285242	OK	 
USER	Training scenario	END	1716893285242
USER	Training scenario	START	1716893285600
REQUEST		Register request	1716893285601	1716893285897	OK	 
REQUEST		Login request	1716893285897	1716893286192	OK	 
REQUEST		Get Users Request	1716893286195	1716893286202	OK	 
REQUEST		Get Users Request	1716893286202	1716893286209	OK	 
REQUEST		Edit user	1716893286220	1716893286226	OK	 
REQUEST		Delete user	1716893286222	1716893286226	OK	 
USER	Training scenario	END	1716893286227
USER	Training scenario	END	1716893286227
USER	Training scenario	START	1716893286599
REQUEST		Register request	1716893286600	1716893286896	OK	 
REQUEST		Login request	1716893286898	1716893287195	OK	 
REQUEST		Get Users Request	1716893287194	1716893287201	OK	 
REQUEST		Get Users Request	1716893287202	1716893287207	OK	 
USER	Training scenario	END	1716893287208
USER	Training scenario	START	1716893287600
REQUEST		Register request	1716893287601	1716893287898	OK	 
REQUEST		Login request	1716893287899	1716893288193	OK	 
REQUEST		Get Users Request	1716893288197	1716893288204	OK	 
REQUEST		Get Users Request	1716893288205	1716893288212	OK	 
REQUEST		Get single user	1716893288211	1716893288215	OK	 
USER	Training scenario	END	1716893288215
USER	Training scenario	START	1716893288599
REQUEST		Register request	1716893288600	1716893288897	OK	 
REQUEST		Login request	1716893288898	1716893289198	OK	 
REQUEST		Get Users Request	1716893289195	1716893289203	OK	 
REQUEST		Get Users Request	1716893289203	1716893289210	OK	 
USER	Training scenario	START	1716893289599
REQUEST		Register request	1716893289600	1716893289896	OK	 
REQUEST		Login request	1716893289898	1716893290192	OK	 
REQUEST		Get Users Request	1716893290201	1716893290206	OK	 
REQUEST		Get Users Request	1716893290207	1716893290214	OK	 
REQUEST		Delete user	1716893290213	1716893290217	OK	 
USER	Training scenario	END	1716893290218
USER	Training scenario	START	1716893290600
REQUEST		Register request	1716893290600	1716893290897	OK	 
REQUEST		Login request	1716893290897	1716893291191	OK	 
REQUEST		Get Users Request	1716893291193	1716893291201	OK	 
REQUEST		Get Users Request	1716893291201	1716893291207	OK	 
REQUEST		Get single user	1716893291211	1716893291215	OK	 
USER	Training scenario	END	1716893291215
USER	Training scenario	START	1716893291599
REQUEST		Register request	1716893291600	1716893291895	OK	 
REQUEST		Login request	1716893291900	1716893292194	OK	 
REQUEST		Get Users Request	1716893292193	1716893292198	OK	 
REQUEST		Get Users Request	1716893292199	1716893292204	OK	 
REQUEST		Get single user	1716893292215	1716893292219	OK	 
USER	Training scenario	END	1716893292220
USER	Training scenario	START	1716893292600
REQUEST		Register request	1716893292600	1716893292897	OK	 
REQUEST		Login request	1716893292899	1716893293194	OK	 
REQUEST		Get Users Request	1716893293196	1716893293201	OK	 
REQUEST		Get Users Request	1716893293202	1716893293206	OK	 
REQUEST		Get single user	1716893293209	1716893293212	OK	 
USER	Training scenario	END	1716893293212
USER	Training scenario	START	1716893293600
REQUEST		Register request	1716893293600	1716893293902	OK	 
REQUEST		Login request	1716893293897	1716893294192	OK	 
REQUEST		Get Users Request	1716893294196	1716893294201	OK	 
REQUEST		Get Users Request	1716893294202	1716893294208	OK	 
REQUEST		Edit user	1716893294205	1716893294210	OK	 
USER	Training scenario	END	1716893294211
USER	Training scenario	START	1716893294599
REQUEST		Register request	1716893294600	1716893294896	OK	 
REQUEST		Login request	1716893294898	1716893295191	OK	 
REQUEST		Get Users Request	1716893295194	1716893295200	OK	 
REQUEST		Get Users Request	1716893295201	1716893295208	OK	 
REQUEST		Get single user	1716893295207	1716893295210	OK	 
USER	Training scenario	START	1716893295599
REQUEST		Register request	1716893295600	1716893295896	OK	 
REQUEST		Login request	1716893295897	1716893296191	OK	 
REQUEST		Get Users Request	1716893296193	1716893296198	OK	 
REQUEST		Get Users Request	1716893296199	1716893296204	OK	 
USER	Training scenario	END	1716893296205
REQUEST		Get single user	1716893296209	1716893296213	OK	 
USER	Training scenario	START	1716893296599
REQUEST		Register request	1716893296600	1716893296897	OK	 
USER	Training scenario	START	1716893297100
REQUEST		Login request	1716893296898	1716893297199	OK	 
REQUEST		Get Users Request	1716893297193	1716893297200	OK	 
REQUEST		Get Users Request	1716893297200	1716893297205	OK	 
REQUEST		Edit user	1716893297209	1716893297218	OK	 
REQUEST		Edit user	1716893297213	1716893297219	OK	 
USER	Training scenario	END	1716893297219
REQUEST		Register request	1716893297100	1716893297408	OK	 
USER	Training scenario	START	1716893297601
REQUEST		Register request	1716893297601	1716893297903	OK	 
REQUEST		Login request	1716893297903	1716893298199	OK	 
REQUEST		Get Users Request	1716893298201	1716893298208	OK	 
REQUEST		Get Users Request	1716893298209	1716893298214	OK	 
REQUEST		Edit user	1716893298214	1716893298219	OK	 
USER	Training scenario	START	1716893298600
REQUEST		Register request	1716893298600	1716893298900	OK	 
REQUEST		Login request	1716893298897	1716893299191	OK	 
REQUEST		Get Users Request	1716893299200	1716893299206	OK	 
REQUEST		Get single user	1716893299206	1716893299210	OK	 
USER	Training scenario	END	1716893299211
REQUEST		Get Users Request	1716893299207	1716893299213	OK	 
USER	Training scenario	END	1716893299214
REQUEST		Delete user	1716893299220	1716893299224	OK	 
USER	Training scenario	END	1716893299224
USER	Training scenario	START	1716893299600
REQUEST		Register request	1716893299601	1716893299898	OK	 
REQUEST		Login request	1716893299898	1716893300192	OK	 
REQUEST		Get Users Request	1716893300192	1716893300199	OK	 
REQUEST		Get Users Request	1716893300200	1716893300207	OK	 
REQUEST		Get single user	1716893300215	1716893300218	OK	 
REQUEST		Delete user	1716893300220	1716893300224	OK	 
USER	Training scenario	END	1716893300225
USER	Training scenario	START	1716893300600
REQUEST		Register request	1716893300601	1716893300900	OK	 
REQUEST		Login request	1716893300898	1716893301192	OK	 
REQUEST		Get Users Request	1716893301193	1716893301201	OK	 
REQUEST		Get Users Request	1716893301202	1716893301209	OK	 
USER	Training scenario	START	1716893301600
REQUEST		Login request	1716893301409	1716893301704	OK	 
REQUEST		Register request	1716893301601	1716893301907	OK	 
USER	Training scenario	START	1716893302099
REQUEST		Get Users Request	1716893302194	1716893302201	OK	 
REQUEST		Get Users Request	1716893302202	1716893302210	OK	 
REQUEST		Login request	1716893301904	1716893302210	OK	 
REQUEST		Get single user	1716893302208	1716893302212	OK	 
USER	Training scenario	END	1716893302213
REQUEST		Edit user	1716893302220	1716893302225	OK	 
USER	Training scenario	END	1716893302226
REQUEST		Register request	1716893302100	1716893302400	OK	 
USER	Training scenario	START	1716893302599
REQUEST		Get Users Request	1716893302705	1716893302712	OK	 
REQUEST		Get Users Request	1716893302713	1716893302719	OK	 
REQUEST		Register request	1716893302600	1716893302903	OK	 
REQUEST		Login request	1716893302901	1716893303196	OK	 
REQUEST		Delete user	1716893303210	1716893303215	OK	 
USER	Training scenario	END	1716893303216
REQUEST		Get Users Request	1716893303212	1716893303218	OK	 
REQUEST		Get Users Request	1716893303219	1716893303223	OK	 
USER	Training scenario	END	1716893303224
USER	Training scenario	START	1716893303599
REQUEST		Register request	1716893303600	1716893303898	OK	 
REQUEST		Login request	1716893303899	1716893304193	OK	 
REQUEST		Get Users Request	1716893304197	1716893304205	OK	 
REQUEST		Get Users Request	1716893304206	1716893304212	OK	 
REQUEST		Get single user	1716893304211	1716893304214	OK	 
USER	Training scenario	START	1716893304599
REQUEST		Get single user	1716893304721	1716893304724	OK	 
REQUEST		Register request	1716893304600	1716893304896	OK	 
USER	Training scenario	START	1716893305100
REQUEST		Login request	1716893304901	1716893305201	OK	 
REQUEST		Get Users Request	1716893305195	1716893305201	OK	 
REQUEST		Get Users Request	1716893305202	1716893305210	OK	 
USER	Training scenario	END	1716893305211
REQUEST		Register request	1716893305100	1716893305409	OK	 
USER	Training scenario	START	1716893305600
REQUEST		Register request	1716893305601	1716893305900	OK	 
REQUEST		Login request	1716893305908	1716893306202	OK	 
REQUEST		Get Users Request	1716893306203	1716893306208	OK	 
REQUEST		Delete user	1716893306214	1716893306218	OK	 
USER	Training scenario	END	1716893306219
REQUEST		Get Users Request	1716893306209	1716893306217	OK	 
REQUEST		Edit user	1716893306214	1716893306219	OK	 
USER	Training scenario	START	1716893306600
REQUEST		Login request	1716893306401	1716893306696	OK	 
REQUEST		Edit user	1716893306725	1716893306731	OK	 
REQUEST		Register request	1716893306600	1716893306898	OK	 
REQUEST		Login request	1716893306905	1716893307198	OK	 
REQUEST		Get Users Request	1716893307203	1716893307208	OK	 
REQUEST		Get Users Request	1716893307209	1716893307216	OK	 
USER	Training scenario	START	1716893307600
REQUEST		Get Users Request	1716893307697	1716893307704	OK	 
REQUEST		Get Users Request	1716893307705	1716893307711	OK	 
REQUEST		Register request	1716893307600	1716893307930	OK	 
USER	Training scenario	START	1716893308099
REQUEST		Login request	1716893307900	1716893308201	OK	 
REQUEST		Get Users Request	1716893308199	1716893308206	OK	 
REQUEST		Get Users Request	1716893308208	1716893308214	OK	 
REQUEST		Delete user	1716893308221	1716893308225	OK	 
USER	Training scenario	END	1716893308226
REQUEST		Get single user	1716893308220	1716893308227	OK	 
USER	Training scenario	END	1716893308227
REQUEST		Register request	1716893308100	1716893308403	OK	 
USER	Training scenario	START	1716893308600
REQUEST		Delete user	1716893308732	1716893308736	OK	 
USER	Training scenario	END	1716893308736
REQUEST		Register request	1716893308600	1716893308899	OK	 
REQUEST		Login request	1716893308897	1716893309191	OK	 
REQUEST		Get Users Request	1716893309203	1716893309208	OK	 
REQUEST		Get Users Request	1716893309209	1716893309215	OK	 
REQUEST		Edit user	1716893309217	1716893309222	OK	 
USER	Training scenario	START	1716893309599
REQUEST		Login request	1716893309410	1716893309712	OK	 
REQUEST		Edit user	1716893309713	1716893309717	OK	 
USER	Training scenario	END	1716893309718
REQUEST		Register request	1716893309600	1716893309904	OK	 
REQUEST		Login request	1716893309901	1716893310196	OK	 
REQUEST		Get Users Request	1716893310193	1716893310200	OK	 
REQUEST		Get Users Request	1716893310201	1716893310205	OK	 
REQUEST		Get single user	1716893310216	1716893310219	OK	 
USER	Training scenario	START	1716893310600
REQUEST		Get Users Request	1716893310713	1716893310721	OK	 
REQUEST		Get Users Request	1716893310722	1716893310731	OK	 
REQUEST		Register request	1716893310600	1716893310899	OK	 
USER	Training scenario	START	1716893311099
REQUEST		Get Users Request	1716893311197	1716893311204	OK	 
REQUEST		Login request	1716893310900	1716893311209	OK	 
REQUEST		Get Users Request	1716893311205	1716893311211	OK	 
REQUEST		Get single user	1716893311217	1716893311219	OK	 
REQUEST		Delete user	1716893311223	1716893311226	OK	 
USER	Training scenario	END	1716893311227
REQUEST		Register request	1716893311100	1716893311410	OK	 
USER	Training scenario	START	1716893311599
REQUEST		Register request	1716893311600	1716893311895	OK	 
REQUEST		Get single user	1716893312207	1716893312211	OK	 
REQUEST		Get Users Request	1716893312211	1716893312218	OK	 
REQUEST		Delete user	1716893312220	1716893312227	OK	 
USER	Training scenario	END	1716893312228
REQUEST		Get Users Request	1716893312219	1716893312229	OK	 
USER	Training scenario	END	1716893312229
REQUEST		Login request	1716893311931	1716893312231	OK	 
USER	Training scenario	START	1716893312599
REQUEST		Login request	1716893312405	1716893312707	OK	 
REQUEST		Delete user	1716893312732	1716893312736	OK	 
USER	Training scenario	END	1716893312737
REQUEST		Register request	1716893312599	1716893312902	OK	 
USER	Training scenario	START	1716893313099
REQUEST		Login request	1716893312901	1716893313197	OK	 
REQUEST		Delete user	1716893313212	1716893313216	OK	 
USER	Training scenario	END	1716893313217
REQUEST		Delete user	1716893313221	1716893313224	OK	 
USER	Training scenario	END	1716893313224
REQUEST		Get Users Request	1716893313231	1716893313237	OK	 
REQUEST		Get Users Request	1716893313238	1716893313243	OK	 
USER	Training scenario	END	1716893313244
REQUEST		Register request	1716893313100	1716893313400	OK	 
USER	Training scenario	START	1716893313600
REQUEST		Get Users Request	1716893313708	1716893313714	OK	 
REQUEST		Get Users Request	1716893313715	1716893313721	OK	 
REQUEST		Register request	1716893313601	1716893313897	OK	 
REQUEST		Login request	1716893313905	1716893314202	OK	 
REQUEST		Get Users Request	1716893314199	1716893314205	OK	 
REQUEST		Get Users Request	1716893314206	1716893314211	OK	 
USER	Training scenario	END	1716893314212
REQUEST		Edit user	1716893314213	1716893314218	OK	 
USER	Training scenario	END	1716893314218
USER	Training scenario	START	1716893314599
REQUEST		Register request	1716893314600	1716893314897	OK	 
USER	Training scenario	START	1716893315100
REQUEST		Login request	1716893314900	1716893315194	OK	 
REQUEST		Get Users Request	1716893315204	1716893315210	OK	 
REQUEST		Get Users Request	1716893315211	1716893315215	OK	 
REQUEST		Register request	1716893315100	1716893315401	OK	 
USER	Training scenario	START	1716893315600
REQUEST		Login request	1716893315412	1716893315715	OK	 
REQUEST		Edit user	1716893315722	1716893315727	OK	 
REQUEST		Register request	1716893315600	1716893315904	OK	 
REQUEST		Login request	1716893315896	1716893316194	OK	 
REQUEST		Get Users Request	1716893316196	1716893316200	OK	 
REQUEST		Get Users Request	1716893316201	1716893316205	OK	 
USER	Training scenario	START	1716893316600
REQUEST		Get Users Request	1716893316717	1716893316723	OK	 
REQUEST		Get Users Request	1716893316723	1716893316728	OK	 
USER	Training scenario	END	1716893316729
REQUEST		Register request	1716893316601	1716893316904	OK	 
USER	Training scenario	START	1716893317099
REQUEST		Get Users Request	1716893317195	1716893317202	OK	 
REQUEST		Get Users Request	1716893317203	1716893317213	OK	 
USER	Training scenario	END	1716893317214
REQUEST		Login request	1716893316903	1716893317221	OK	 
REQUEST		Edit user	1716893317219	1716893317223	OK	 
REQUEST		Register request	1716893317100	1716893317419	OK	 
USER	Training scenario	START	1716893317599
REQUEST		Login request	1716893317401	1716893317708	OK	 
REQUEST		Delete user	1716893317728	1716893317732	OK	 
USER	Training scenario	END	1716893317733
REQUEST		Register request	1716893317600	1716893317905	OK	 
REQUEST		Login request	1716893317897	1716893318193	OK	 
REQUEST		Get single user	1716893318207	1716893318210	OK	 
USER	Training scenario	END	1716893318210
REQUEST		Get Users Request	1716893318222	1716893318228	OK	 
REQUEST		Get Users Request	1716893318229	1716893318234	OK	 
USER	Training scenario	START	1716893318600
REQUEST		Get Users Request	1716893318709	1716893318717	OK	 
REQUEST		Get Users Request	1716893318718	1716893318722	OK	 
USER	Training scenario	END	1716893318723
REQUEST		Register request	1716893318601	1716893318901	OK	 
USER	Training scenario	START	1716893319099
REQUEST		Get Users Request	1716893319194	1716893319201	OK	 
REQUEST		Get Users Request	1716893319202	1716893319208	OK	 
REQUEST		Login request	1716893318899	1716893319208	OK	 
REQUEST		Delete user	1716893319225	1716893319229	OK	 
USER	Training scenario	END	1716893319229
REQUEST		Register request	1716893319100	1716893319402	OK	 
USER	Training scenario	START	1716893319599
REQUEST		Login request	1716893319402	1716893319696	OK	 
REQUEST		Register request	1716893319600	1716893319895	OK	 
REQUEST		Login request	1716893319905	1716893320201	OK	 
REQUEST		Get Users Request	1716893320210	1716893320214	OK	 
REQUEST		Get Users Request	1716893320215	1716893320219	OK	 
REQUEST		Get single user	1716893320236	1716893320239	OK	 
USER	Training scenario	START	1716893320600
REQUEST		Get Users Request	1716893320697	1716893320702	OK	 
REQUEST		Get Users Request	1716893320703	1716893320708	OK	 
USER	Training scenario	END	1716893320709
REQUEST		Register request	1716893320600	1716893320903	OK	 
USER	Training scenario	START	1716893321099
REQUEST		Login request	1716893320905	1716893321200	OK	 
REQUEST		Get Users Request	1716893321202	1716893321208	OK	 
REQUEST		Get Users Request	1716893321209	1716893321214	OK	 
REQUEST		Get single user	1716893321209	1716893321214	OK	 
USER	Training scenario	END	1716893321215
USER	Training scenario	END	1716893321215
REQUEST		Register request	1716893321100	1716893321400	OK	 
USER	Training scenario	START	1716893321600
REQUEST		Login request	1716893321420	1716893321718	OK	 
REQUEST		Register request	1716893321600	1716893321895	OK	 
REQUEST		Login request	1716893321905	1716893322199	OK	 
REQUEST		Get Users Request	1716893322201	1716893322207	OK	 
REQUEST		Get Users Request	1716893322208	1716893322214	OK	 
USER	Training scenario	END	1716893322215
REQUEST		Get single user	1716893322220	1716893322222	OK	 
REQUEST		Edit user	1716893322240	1716893322245	OK	 
USER	Training scenario	START	1716893322600
REQUEST		Get Users Request	1716893322719	1716893322724	OK	 
REQUEST		Get Users Request	1716893322725	1716893322730	OK	 
REQUEST		Register request	1716893322601	1716893322898	OK	 
USER	Training scenario	START	1716893323100
REQUEST		Login request	1716893322902	1716893323206	OK	 
REQUEST		Get Users Request	1716893323200	1716893323207	OK	 
REQUEST		Get Users Request	1716893323207	1716893323213	OK	 
REQUEST		Register request	1716893323100	1716893323419	OK	 
USER	Training scenario	START	1716893323599
REQUEST		Login request	1716893323403	1716893323700	OK	 
REQUEST		Register request	1716893323600	1716893323894	OK	 
REQUEST		Login request	1716893323896	1716893324189	OK	 
REQUEST		Get Users Request	1716893324208	1716893324212	OK	 
REQUEST		Get Users Request	1716893324213	1716893324218	OK	 
REQUEST		Edit user	1716893324223	1716893324229	OK	 
REQUEST		Delete user	1716893324246	1716893324250	OK	 
USER	Training scenario	END	1716893324251
USER	Training scenario	START	1716893324600
REQUEST		Get Users Request	1716893324701	1716893324706	OK	 
REQUEST		Get Users Request	1716893324707	1716893324715	OK	 
REQUEST		Edit user	1716893324731	1716893324736	OK	 
USER	Training scenario	END	1716893324737
REQUEST		Register request	1716893324601	1716893324900	OK	 
USER	Training scenario	START	1716893325100
REQUEST		Get Users Request	1716893325190	1716893325196	OK	 
REQUEST		Login request	1716893324904	1716893325200	OK	 
REQUEST		Get Users Request	1716893325197	1716893325202	OK	 
USER	Training scenario	END	1716893325203
REQUEST		Get single user	1716893325214	1716893325217	OK	 
REQUEST		Register request	1716893325100	1716893325398	OK	 
USER	Training scenario	START	1716893325600
REQUEST		Login request	1716893325401	1716893325707	OK	 
REQUEST		Register request	1716893325600	1716893325908	OK	 
REQUEST		Login request	1716893325896	1716893326189	OK	 
REQUEST		Get Users Request	1716893326201	1716893326206	OK	 
REQUEST		Get Users Request	1716893326207	1716893326211	OK	 
USER	Training scenario	END	1716893326212
REQUEST		Get single user	1716893326219	1716893326222	OK	 
REQUEST		Delete user	1716893326230	1716893326233	OK	 
USER	Training scenario	END	1716893326234
USER	Training scenario	START	1716893326600
REQUEST		Get Users Request	1716893326708	1716893326712	OK	 
REQUEST		Get single user	1716893326715	1716893326718	OK	 
REQUEST		Get Users Request	1716893326713	1716893326718	OK	 
REQUEST		Register request	1716893326601	1716893326896	OK	 
USER	Training scenario	START	1716893327099
REQUEST		Login request	1716893326899	1716893327191	OK	 
REQUEST		Get Users Request	1716893327190	1716893327195	OK	 
REQUEST		Get Users Request	1716893327195	1716893327199	OK	 
REQUEST		Delete user	1716893327218	1716893327221	OK	 
USER	Training scenario	END	1716893327221
REQUEST		Register request	1716893327100	1716893327396	OK	 
USER	Training scenario	START	1716893327599
REQUEST		Login request	1716893327420	1716893327720	OK	 
REQUEST		Register request	1716893327600	1716893327895	OK	 
REQUEST		Login request	1716893327895	1716893328195	OK	 
REQUEST		Get Users Request	1716893328193	1716893328199	OK	 
REQUEST		Get Users Request	1716893328200	1716893328206	OK	 
USER	Training scenario	END	1716893328208
REQUEST		Delete user	1716893328223	1716893328227	OK	 
USER	Training scenario	END	1716893328228
USER	Training scenario	START	1716893328600
REQUEST		Get single user	1716893328719	1716893328722	OK	 
USER	Training scenario	END	1716893328723
REQUEST		Edit user	1716893328719	1716893328724	OK	 
USER	Training scenario	END	1716893328724
REQUEST		Get Users Request	1716893328722	1716893328728	OK	 
REQUEST		Get Users Request	1716893328729	1716893328735	OK	 
REQUEST		Register request	1716893328601	1716893328902	OK	 
USER	Training scenario	START	1716893329100
REQUEST		Login request	1716893328901	1716893329196	OK	 
REQUEST		Get Users Request	1716893329197	1716893329202	OK	 
REQUEST		Get single user	1716893329200	1716893329203	OK	 
REQUEST		Get Users Request	1716893329203	1716893329208	OK	 
REQUEST		Register request	1716893329100	1716893329404	OK	 
USER	Training scenario	START	1716893329600
REQUEST		Login request	1716893329399	1716893329695	OK	 
REQUEST		Register request	1716893329600	1716893329895	OK	 
REQUEST		Login request	1716893329909	1716893330201	OK	 
REQUEST		Get Users Request	1716893330197	1716893330202	OK	 
REQUEST		Get Users Request	1716893330203	1716893330208	OK	 
USER	Training scenario	START	1716893330600
REQUEST		Get Users Request	1716893330695	1716893330702	OK	 
REQUEST		Get Users Request	1716893330703	1716893330707	OK	 
REQUEST		Edit user	1716893330735	1716893330739	OK	 
USER	Training scenario	END	1716893330739
REQUEST		Register request	1716893330600	1716893330898	OK	 
USER	Training scenario	START	1716893331100
REQUEST		Login request	1716893330897	1716893331190	OK	 
REQUEST		Get Users Request	1716893331203	1716893331210	OK	 
REQUEST		Edit user	1716893331204	1716893331210	OK	 
USER	Training scenario	END	1716893331211
REQUEST		Get Users Request	1716893331210	1716893331216	OK	 
REQUEST		Get single user	1716893331209	1716893331215	OK	 
REQUEST		Register request	1716893331100	1716893331399	OK	 
USER	Training scenario	START	1716893331600
REQUEST		Login request	1716893331397	1716893331691	OK	 
REQUEST		Register request	1716893331600	1716893331897	OK	 
REQUEST		Login request	1716893331895	1716893332188	OK	 
REQUEST		Get Users Request	1716893332191	1716893332195	OK	 
REQUEST		Get Users Request	1716893332195	1716893332199	OK	 
REQUEST		Get single user	1716893332209	1716893332212	OK	 
USER	Training scenario	END	1716893332212
USER	Training scenario	START	1716893332600
REQUEST		Get Users Request	1716893332692	1716893332697	OK	 
REQUEST		Get Users Request	1716893332698	1716893332703	OK	 
REQUEST		Edit user	1716893332708	1716893332712	OK	 
USER	Training scenario	END	1716893332712
REQUEST		Register request	1716893332600	1716893332896	OK	 
USER	Training scenario	START	1716893333100
REQUEST		Get Users Request	1716893333189	1716893333195	OK	 
REQUEST		Login request	1716893332903	1716893333199	OK	 
REQUEST		Get Users Request	1716893333196	1716893333201	OK	 
USER	Training scenario	END	1716893333201
REQUEST		Edit user	1716893333218	1716893333222	OK	 
USER	Training scenario	END	1716893333222
REQUEST		Edit user	1716893333218	1716893333223	OK	 
USER	Training scenario	END	1716893333223
REQUEST		Register request	1716893333100	1716893333399	OK	 
USER	Training scenario	START	1716893333600
REQUEST		Login request	1716893333405	1716893333703	OK	 
REQUEST		Register request	1716893333600	1716893333899	OK	 
REQUEST		Login request	1716893333895	1716893334188	OK	 
REQUEST		Get single user	1716893334200	1716893334203	OK	 
USER	Training scenario	END	1716893334203
REQUEST		Get Users Request	1716893334201	1716893334206	OK	 
REQUEST		Get Users Request	1716893334206	1716893334210	OK	 
USER	Training scenario	START	1716893334600
REQUEST		Edit user	1716893334704	1716893334709	OK	 
REQUEST		Get Users Request	1716893334704	1716893334710	OK	 
REQUEST		Get Users Request	1716893334711	1716893334716	OK	 
REQUEST		Register request	1716893334600	1716893334897	OK	 
USER	Training scenario	START	1716893335100
REQUEST		Get Users Request	1716893335189	1716893335195	OK	 
REQUEST		Login request	1716893334899	1716893335198	OK	 
REQUEST		Get Users Request	1716893335195	1716893335200	OK	 
REQUEST		Register request	1716893335100	1716893335402	OK	 
USER	Training scenario	START	1716893335600
REQUEST		Login request	1716893335399	1716893335693	OK	 
REQUEST		Register request	1716893335600	1716893335896	OK	 
REQUEST		Login request	1716893335898	1716893336190	OK	 
REQUEST		Get Users Request	1716893336199	1716893336204	OK	 
REQUEST		Get Users Request	1716893336204	1716893336208	OK	 
USER	Training scenario	END	1716893336209
REQUEST		Edit user	1716893336211	1716893336214	OK	 
USER	Training scenario	END	1716893336214
USER	Training scenario	START	1716893336599
REQUEST		Get Users Request	1716893336694	1716893336700	OK	 
REQUEST		Get Users Request	1716893336701	1716893336706	OK	 
USER	Training scenario	END	1716893336706
REQUEST		Delete user	1716893336710	1716893336712	OK	 
USER	Training scenario	END	1716893336713
REQUEST		Get single user	1716893336716	1716893336718	OK	 
USER	Training scenario	END	1716893336719
REQUEST		Register request	1716893336599	1716893336899	OK	 
USER	Training scenario	START	1716893337100
REQUEST		Login request	1716893336897	1716893337189	OK	 
REQUEST		Get Users Request	1716893337191	1716893337196	OK	 
REQUEST		Get Users Request	1716893337196	1716893337200	OK	 
REQUEST		Get single user	1716893337201	1716893337203	OK	 
USER	Training scenario	END	1716893337204
REQUEST		Register request	1716893337100	1716893337397	OK	 
USER	Training scenario	START	1716893337600
REQUEST		Login request	1716893337401	1716893337694	OK	 
REQUEST		Register request	1716893337600	1716893337897	OK	 
REQUEST		Get Users Request	1716893338191	1716893338196	OK	 
REQUEST		Login request	1716893337900	1716893338198	OK	 
REQUEST		Get Users Request	1716893338197	1716893338203	OK	 
USER	Training scenario	START	1716893338600
REQUEST		Get Users Request	1716893338695	1716893338699	OK	 
REQUEST		Get Users Request	1716893338700	1716893338704	OK	 
REQUEST		Register request	1716893338601	1716893338896	OK	 
USER	Training scenario	START	1716893339099
REQUEST		Login request	1716893338898	1716893339190	OK	 
REQUEST		Get Users Request	1716893339198	1716893339204	OK	 
REQUEST		Delete user	1716893339201	1716893339205	OK	 
USER	Training scenario	END	1716893339206
REQUEST		Get Users Request	1716893339204	1716893339209	OK	 
REQUEST		Register request	1716893339100	1716893339397	OK	 
USER	Training scenario	START	1716893339599
REQUEST		Login request	1716893339403	1716893339697	OK	 
REQUEST		Register request	1716893339600	1716893339894	OK	 
REQUEST		Login request	1716893339896	1716893340189	OK	 
REQUEST		Get Users Request	1716893340191	1716893340196	OK	 
REQUEST		Get Users Request	1716893340196	1716893340200	OK	 
REQUEST		Delete user	1716893340204	1716893340207	OK	 
USER	Training scenario	END	1716893340208
USER	Training scenario	START	1716893340599
REQUEST		Get Users Request	1716893340698	1716893340703	OK	 
REQUEST		Get single user	1716893340705	1716893340707	OK	 
USER	Training scenario	END	1716893340708
REQUEST		Get Users Request	1716893340703	1716893340708	OK	 
REQUEST		Register request	1716893340600	1716893340898	OK	 
USER	Training scenario	START	1716893341099
REQUEST		Login request	1716893340900	1716893341195	OK	 
REQUEST		Get Users Request	1716893341190	1716893341197	OK	 
REQUEST		Get Users Request	1716893341197	1716893341202	OK	 
REQUEST		Edit user	1716893341210	1716893341215	OK	 
REQUEST		Register request	1716893341100	1716893341403	OK	 
USER	Training scenario	START	1716893341599
REQUEST		Login request	1716893341398	1716893341697	OK	 
REQUEST		Register request	1716893341600	1716893341895	OK	 
REQUEST		Login request	1716893341898	1716893342191	OK	 
REQUEST		Get single user	1716893342201	1716893342203	OK	 
REQUEST		Get Users Request	1716893342197	1716893342204	OK	 
REQUEST		Get Users Request	1716893342204	1716893342208	OK	 
USER	Training scenario	START	1716893342600
REQUEST		Get Users Request	1716893342698	1716893342703	OK	 
REQUEST		Get Users Request	1716893342704	1716893342708	OK	 
REQUEST		Edit user	1716893342710	1716893342714	OK	 
USER	Training scenario	END	1716893342714
REQUEST		Register request	1716893342600	1716893342898	OK	 
USER	Training scenario	START	1716893343100
REQUEST		Login request	1716893342897	1716893343197	OK	 
REQUEST		Get Users Request	1716893343192	1716893343199	OK	 
REQUEST		Get Users Request	1716893343200	1716893343206	OK	 
REQUEST		Edit user	1716893343203	1716893343208	OK	 
REQUEST		Delete user	1716893343215	1716893343218	OK	 
USER	Training scenario	END	1716893343218
REQUEST		Register request	1716893343100	1716893343404	OK	 
USER	Training scenario	START	1716893343600
REQUEST		Login request	1716893343398	1716893343704	OK	 
REQUEST		Register request	1716893343600	1716893343901	OK	 
REQUEST		Login request	1716893343895	1716893344189	OK	 
REQUEST		Get Users Request	1716893344198	1716893344202	OK	 
REQUEST		Edit user	1716893344204	1716893344208	OK	 
REQUEST		Get Users Request	1716893344203	1716893344208	OK	 
USER	Training scenario	END	1716893344209
REQUEST		Edit user	1716893344209	1716893344212	OK	 
USER	Training scenario	END	1716893344212
USER	Training scenario	START	1716893344600
REQUEST		Get single user	1716893344709	1716893344713	OK	 
REQUEST		Get Users Request	1716893344705	1716893344713	OK	 
REQUEST		Get Users Request	1716893344713	1716893344719	OK	 
USER	Training scenario	END	1716893344720
REQUEST		Register request	1716893344600	1716893344899	OK	 
USER	Training scenario	START	1716893345100
REQUEST		Get Users Request	1716893345190	1716893345205	OK	 
REQUEST		Login request	1716893344898	1716893345207	OK	 
REQUEST		Get single user	1716893345207	1716893345210	OK	 
USER	Training scenario	END	1716893345211
REQUEST		Delete user	1716893345209	1716893345213	OK	 
USER	Training scenario	END	1716893345213
REQUEST		Get Users Request	1716893345206	1716893345224	OK	 
REQUEST		Register request	1716893345100	1716893345403	OK	 
USER	Training scenario	START	1716893345600
REQUEST		Login request	1716893345404	1716893345703	OK	 
REQUEST		Register request	1716893345601	1716893345902	OK	 
REQUEST		Login request	1716893345896	1716893346192	OK	 
REQUEST		Delete user	1716893346208	1716893346212	OK	 
USER	Training scenario	END	1716893346212
REQUEST		Get Users Request	1716893346208	1716893346215	OK	 
REQUEST		Get Users Request	1716893346215	1716893346221	OK	 
REQUEST		Get Users Request	1716893346704	1716893346709	OK	 
REQUEST		Get Users Request	1716893346710	1716893346714	OK	 
REQUEST		Edit user	1716893346714	1716893346717	OK	 
USER	Training scenario	END	1716893346718
REQUEST		Login request	1716893346899	1716893347192	OK	 
REQUEST		Get Users Request	1716893347194	1716893347200	OK	 
REQUEST		Get Users Request	1716893347200	1716893347205	OK	 
REQUEST		Get single user	1716893347225	1716893347227	OK	 
USER	Training scenario	END	1716893347228
REQUEST		Login request	1716893347405	1716893347698	OK	 
REQUEST		Login request	1716893347902	1716893348196	OK	 
REQUEST		Get Users Request	1716893348193	1716893348198	OK	 
REQUEST		Get Users Request	1716893348198	1716893348203	OK	 
USER	Training scenario	END	1716893348204
REQUEST		Get single user	1716893348222	1716893348225	OK	 
USER	Training scenario	END	1716893348226
REQUEST		Get Users Request	1716893348699	1716893348703	OK	 
REQUEST		Get Users Request	1716893348704	1716893348708	OK	 
REQUEST		Edit user	1716893348714	1716893348718	OK	 
REQUEST		Login request	1716893348900	1716893349193	OK	 
REQUEST		Get Users Request	1716893349197	1716893349201	OK	 
REQUEST		Get Users Request	1716893349202	1716893349208	OK	 
REQUEST		Delete user	1716893349207	1716893349209	OK	 
USER	Training scenario	END	1716893349210
REQUEST		Login request	1716893349405	1716893349699	OK	 
REQUEST		Login request	1716893349903	1716893350196	OK	 
REQUEST		Get Users Request	1716893350195	1716893350199	OK	 
REQUEST		Get Users Request	1716893350200	1716893350205	OK	 
REQUEST		Get Users Request	1716893350700	1716893350705	OK	 
REQUEST		Get single user	1716893350708	1716893350710	OK	 
USER	Training scenario	END	1716893350710
REQUEST		Get Users Request	1716893350706	1716893350711	OK	 
REQUEST		Delete user	1716893350718	1716893350721	OK	 
USER	Training scenario	END	1716893350721
REQUEST		Get Users Request	1716893351198	1716893351202	OK	 
REQUEST		Get Users Request	1716893351203	1716893351208	OK	 
USER	Training scenario	END	1716893351210
REQUEST		Get single user	1716893351209	1716893351211	OK	 
REQUEST		Edit user	1716893352206	1716893352210	OK	 
REQUEST		Delete user	1716893352712	1716893352715	OK	 
USER	Training scenario	END	1716893352716
REQUEST		Edit user	1716893353212	1716893353217	OK	 
USER	Training scenario	END	1716893353218
REQUEST		Delete user	1716893354212	1716893354215	OK	 
USER	Training scenario	END	1716893354216
